2026-05-21 02:07:27.613+0000 INFO  CREATE USER neo4j PASSWORD ****** CHANGE NOT REQUIRED
2026-05-21 02:07:27.808+0000 INFO  CREATE ROLE admin
2026-05-21 02:07:27.809+0000 INFO  GRANT TRANSACTION MANAGEMENT ON DATABASE * TO admin
2026-05-21 02:07:27.814+0000 INFO  GRANT START ON DATABASE * TO admin
2026-05-21 02:07:27.814+0000 INFO  GRANT STOP ON DATABASE * TO admin
2026-05-21 02:07:27.814+0000 INFO  GRANT ALL ON DBMS TO admin
2026-05-21 02:07:27.815+0000 INFO  GRANT CONSTRAINT MANAGEMENT ON DATABASE * TO admin
2026-05-21 02:07:27.815+0000 INFO  GRANT INDEX MANAGEMENT ON DATABASE * TO admin
2026-05-21 02:07:27.815+0000 INFO  GRANT NAME MANAGEMENT ON DATABASE * TO admin
2026-05-21 02:07:27.815+0000 INFO  GRANT WRITE ON GRAPH * TO admin
2026-05-21 02:07:27.815+0000 INFO  GRANT MATCH {*} ON GRAPH * TO admin
2026-05-21 02:07:27.816+0000 INFO  GRANT ACCESS ON DATABASE * TO admin
2026-05-21 02:07:27.816+0000 INFO  GRANT SHOW INDEX ON DATABASE * TO admin
2026-05-21 02:07:27.816+0000 INFO  GRANT SHOW CONSTRAINTS ON DATABASE * TO admin
2026-05-21 02:07:27.816+0000 INFO  GRANT LOAD ON ALL DATA TO admin
2026-05-21 02:07:27.817+0000 INFO  CREATE ROLE architect
2026-05-21 02:07:27.818+0000 INFO  GRANT CONSTRAINT MANAGEMENT ON DATABASE * TO architect
2026-05-21 02:07:27.818+0000 INFO  GRANT INDEX MANAGEMENT ON DATABASE * TO architect
2026-05-21 02:07:27.819+0000 INFO  GRANT NAME MANAGEMENT ON DATABASE * TO architect
2026-05-21 02:07:27.819+0000 INFO  GRANT WRITE ON GRAPH * TO architect
2026-05-21 02:07:27.819+0000 INFO  GRANT MATCH {*} ON GRAPH * TO architect
2026-05-21 02:07:27.820+0000 INFO  GRANT ACCESS ON DATABASE * TO architect
2026-05-21 02:07:27.820+0000 INFO  GRANT SHOW INDEX ON DATABASE * TO architect
2026-05-21 02:07:27.820+0000 INFO  GRANT SHOW CONSTRAINTS ON DATABASE * TO architect
2026-05-21 02:07:27.821+0000 INFO  CREATE ROLE publisher
2026-05-21 02:07:27.821+0000 INFO  GRANT NAME MANAGEMENT ON DATABASE * TO publisher
2026-05-21 02:07:27.822+0000 INFO  GRANT WRITE ON GRAPH * TO publisher
2026-05-21 02:07:27.822+0000 INFO  GRANT MATCH {*} ON GRAPH * TO publisher
2026-05-21 02:07:27.822+0000 INFO  GRANT ACCESS ON DATABASE * TO publisher
2026-05-21 02:07:27.823+0000 INFO  GRANT SHOW INDEX ON DATABASE * TO publisher
2026-05-21 02:07:27.823+0000 INFO  GRANT SHOW CONSTRAINTS ON DATABASE * TO publisher
2026-05-21 02:07:27.823+0000 INFO  CREATE ROLE editor
2026-05-21 02:07:27.824+0000 INFO  GRANT WRITE ON GRAPH * TO editor
2026-05-21 02:07:27.824+0000 INFO  GRANT MATCH {*} ON GRAPH * TO editor
2026-05-21 02:07:27.825+0000 INFO  GRANT ACCESS ON DATABASE * TO editor
2026-05-21 02:07:27.825+0000 INFO  GRANT SHOW INDEX ON DATABASE * TO editor
2026-05-21 02:07:27.825+0000 INFO  GRANT SHOW CONSTRAINTS ON DATABASE * TO editor
2026-05-21 02:07:27.825+0000 INFO  CREATE ROLE reader
2026-05-21 02:07:27.826+0000 INFO  GRANT MATCH {*} ON GRAPH * TO reader
2026-05-21 02:07:27.826+0000 INFO  GRANT ACCESS ON DATABASE * TO reader
2026-05-21 02:07:27.827+0000 INFO  GRANT SHOW INDEX ON DATABASE * TO reader
2026-05-21 02:07:27.827+0000 INFO  GRANT SHOW CONSTRAINTS ON DATABASE * TO reader
2026-05-21 02:07:27.827+0000 INFO  CREATE ROLE PUBLIC
2026-05-21 02:07:27.828+0000 INFO  GRANT ACCESS ON HOME DATABASE TO PUBLIC
2026-05-21 02:07:27.829+0000 INFO  GRANT EXECUTE PROCEDURE * ON DBMS TO PUBLIC
2026-05-21 02:07:27.829+0000 INFO  GRANT EXECUTE FUNCTION * ON DBMS TO PUBLIC
2026-05-21 02:07:27.829+0000 INFO  GRANT LOAD ON ALL DATA TO PUBLIC
2026-05-21 02:07:27.830+0000 INFO  GRANT ROLE admin TO neo4j
2026-05-21 02:10:03.765+0000 INFO  [neo4j]: logged in
2026-05-21 02:10:06.833+0000 INFO  [neo4j]: logged in
2026-05-21 02:10:06.867+0000 INFO  [neo4j]: logged in
2026-05-21 02:10:06.894+0000 INFO  [neo4j]: logged in
2026-05-21 02:10:06.978+0000 INFO  [neo4j]: logged in
2026-05-21 02:10:07.015+0000 INFO  [neo4j]: logged in
2026-05-21 02:10:07.035+0000 INFO  [neo4j]: logged in
2026-05-21 02:10:07.065+0000 INFO  [neo4j]: logged in
2026-05-21 02:10:14.105+0000 INFO  [neo4j]: logged in
2026-05-21 02:10:53.482+0000 INFO  [neo4j]: logged in
2026-05-21 02:17:53.912+0000 INFO  [neo4j]: logged in
2026-05-21 02:17:54.096+0000 INFO  [neo4j]: logged in
2026-05-21 02:17:54.115+0000 INFO  [neo4j]: logged in
2026-05-21 02:17:54.139+0000 INFO  [neo4j]: logged in
2026-05-21 02:17:54.247+0000 INFO  [neo4j]: logged in
2026-05-21 02:17:54.257+0000 INFO  [neo4j]: logged in
2026-05-21 02:17:54.288+0000 INFO  [neo4j]: logged in
2026-05-21 02:18:07.182+0000 INFO  [neo4j]: logged in
